This is TeX, Version 3.141592653 (TeX Live 2024) (preloaded format=tex 2024.10.30)  30 OCT 2024 17:48
**physMod5
(./physMod5.tex
! Undefined control sequence.
l.3 \chapter
            *{Module 5 - Advanced Mechanics}
? 
! Undefined control sequence.
l.4 \section
            *{5.2 Practical Investigation - The effect of launch angle on ra...

? 
! Missing $ inserted.
<inserted text> 
                $
<to be read again> 
                   \mskip 
\;->\mskip 
           \thickmuskip 
l.7 \;
      
? 
! Missing $ inserted.
<inserted text> 
                $
<to be read again> 
                   \par 
l.12 
     
? 
! Undefined control sequence.
l.13 \begin
           {table}[]
? 
! Undefined control sequence.
l.14     \begin
               {tabular}{lll}
? 
! Misplaced alignment tab character &.
l.15         Angle ()   &
                          Time (s)     & Horizontal Range (m)  \\ \hline
? 
! Misplaced alignment tab character &.
l.15         Angle ()   & Time (s)     &
                                         Horizontal Range (m)  \\ \hline
? 
)
Runaway argument?
 \hline 0 & 0.46 & 1.5 \\ 0 & 0.41 & 1.65 \\ \hline 10 & 0.46 & 1.94 \ETC.
! File ended while scanning use of \\.
<inserted text> 
                \par 
<*> physMod5
            
? 

*
(Please type a command or say `\end')
*
(Please type a command or say `\end')
*
(Please type a command or say `\end')
*\end
[1]
Output written on physMod5.dvi (1 page, 640 bytes).
